<?xml version="1.0" encoding="UTF-8" ?>
<testsuite tests="35" failures="0" name="com.example.cucumber.feature.TestExecution" time="0.01" errors="0" skipped="0">
  <properties>
[...]
</properties>
  <testcase classname="Scenario: Login with valid username and password" name="Given I go to &quot;url&quot; with &quot;browser&quot;" time="0.007"/>
  <testcase classname="Scenario: Login with valid username and password" name="When I enter the &quot;Tester&quot; in the &quot;username_id&quot;" time="0"/>
  <testcase classname="Scenario: Login with valid username and password" name="And I enter &quot;test&quot; in the &quot;password_id&quot;" time="0"/>
  <testcase classname="Scenario: Login with valid username and password" name="Then I click on &quot;loginbtn_xpath&quot; button" time="0"/>
  <testcase classname="Scenario: Login with valid username and password" name="Then I verify &quot;List of All Orders&quot; is displayed in &quot;verifylist_xpath&quot;" time="0"/>
  <testcase classname="Scenario: Login with valid username and password" name="And I close browser" time="0"/>
  <testcase classname="Scenario: Login with valid username and password" name="Scenario: Login with valid username and password" time="0.001"/>
  <testcase classname="Scenario: Login with invalid username and password" name="Given I go to &quot;url&quot; with &quot;browser&quot;" time="0"/>
  <testcase classname="Scenario: Login with invalid username and password" name="When I enter the &quot;Teste&quot; in the &quot;username_id&quot;" time="0"/>
  <testcase classname="Scenario: Login with invalid username and password" name="And I enter &quot;test&quot; in the &quot;password_id&quot;" time="0"/>
  <testcase classname="Scenario: Login with invalid username and password" name="Then I click on &quot;loginbtn_xpath&quot; button" time="0"/>
  <testcase classname="Scenario: Login with invalid username and password" name="Then I verify &quot;Invalid Login or Password.&quot; is displayed in &quot;verifytext_xpath&quot;" time="0"/>
  <testcase classname="Scenario: Login with invalid username and password" name="And I close browser" time="0"/>
  <testcase classname="Scenario: Login with invalid username and password" name="Scenario: Login with invalid username and password" time="0"/>
  <testcase classname="Scenario: Login with valid username and invalid password" name="Given I go to &quot;url&quot; with &quot;browser&quot;" time="0"/>
  <testcase classname="Scenario: Login with valid username and invalid password" name="When I enter the &quot;Tester&quot; in the &quot;username_id&quot;" time="0.001"/>
  <testcase classname="Scenario: Login with valid username and invalid password" name="And I enter &quot;testee&quot; in the &quot;password_id&quot;" time="0"/>
  <testcase classname="Scenario: Login with valid username and invalid password" name="Then I click on &quot;loginbtn_xpath&quot; button" time="0"/>
  <testcase classname="Scenario: Login with valid username and invalid password" name="Then I verify &quot;Invalid Login or Password.&quot; is displayed in &quot;verifytext_xpath&quot;" time="0"/>
  <testcase classname="Scenario: Login with valid username and invalid password" name="And I close browser" time="0"/>
  <testcase classname="Scenario: Login with valid username and invalid password" name="Scenario: Login with valid username and invalid password" time="0.001"/>
  <testcase classname="Scenario: Login with invalid username and invalid password" name="Given I go to &quot;url&quot; with &quot;browser&quot;" time="0"/>
  <testcase classname="Scenario: Login with invalid username and invalid password" name="When I enter the &quot;Teste&quot; in the &quot;username_id&quot;" time="0"/>
  <testcase classname="Scenario: Login with invalid username and invalid password" name="And I enter &quot;testee&quot; in the &quot;password_id&quot;" time="0"/>
  <testcase classname="Scenario: Login with invalid username and invalid password" name="Then I click on &quot;loginbtn_xpath&quot; button" time="0"/>
  <testcase classname="Scenario: Login with invalid username and invalid password" name="Then I verify &quot;Invalid Login or Password.&quot; is displayed in &quot;verifytext_xpath&quot;" time="0"/>
  <testcase classname="Scenario: Login with invalid username and invalid password" name="And I close browser" time="0"/>
  <testcase classname="Scenario: Login with invalid username and invalid password" name="Scenario: Login with invalid username and invalid password" time="0"/>
  <testcase classname="Scenario: Login with blank username and blank password" name="Given I go to &quot;url&quot; with &quot;browser&quot;" time="0"/>
  <testcase classname="Scenario: Login with blank username and blank password" name="When I enter the &quot;&quot; in the &quot;username_id&quot;" time="0"/>
  <testcase classname="Scenario: Login with blank username and blank password" name="And I enter &quot;&quot; in the &quot;password_id&quot;" time="0"/>
  <testcase classname="Scenario: Login with blank username and blank password" name="Then I click on &quot;loginbtn_xpath&quot; button" time="0"/>
  <testcase classname="Scenario: Login with blank username and blank password" name="Then I verify &quot;Invalid Login or Password.&quot; is displayed in &quot;verifytext_xpath&quot;" time="0"/>
  <testcase classname="Scenario: Login with blank username and blank password" name="And I close browser" time="0"/>
  <testcase classname="Scenario: Login with blank username and blank password" name="Scenario: Login with blank username and blank password" time="0"/>
</testsuite>